<?xml version="1.0" encoding="utf-8"?><testsuites name="pytest tests"><testsuite name="pytest" errors="0" failures="0" skipped="0" tests="37" time="110.352" timestamp="2026-07-23T00:00:54.992666-07:00" hostname="PETEL"><testcase classname="tests.compilation.test_heterogeneous_batch" name="test_heterogeneous_batch_matches_sequential_per_row" time="0.034" /><testcase classname="tests.reference.test_reference_conic_correctness" name="test_conic_suite_case[0]" time="1.126" /><testcase classname="tests.reference.test_reference_conic_correctness" name="test_conic_suite_case[1]" time="0.963" /><testcase classname="tests.reference.test_reference_conic_correctness" name="test_conic_suite_case[2]" time="1.051" /><testcase classname="tests.reference.test_reference_conic_correctness" name="test_conic_suite_case[3]" time="1.167" /><testcase classname="tests.reference.test_reference_conic_correctness" name="test_conic_suite_case[4]" time="1.014" /><testcase classname="tests.reference.test_reference_conic_correctness" name="test_conic_suite_case[5]" time="1.160" /><testcase classname="tests.reference.test_reference_conic_correctness" name="test_conic_suite_case[6]" time="1.053" /><testcase classname="tests.reference.test_reference_conic_correctness" name="test_conic_suite_case[7]" time="1.012" /><testcase classname="tests.reference.test_reference_conic_correctness" name="test_conic_suite_case[8]" time="1.036" /><testcase classname="tests.reference.test_reference_conic_correctness" name="test_conic_suite_case[9]" time="0.995" /><testcase classname="tests.reference.test_reference_conic_correctness" name="test_conic_suite_case[10]" time="1.094" /><testcase classname="tests.reference.test_reference_conic_correctness" name="test_conic_suite_case[11]" time="1.414" /><testcase classname="tests.reference.test_reference_conic_correctness" name="test_conic_suite_case[12]" time="0.931" /><testcase classname="tests.reference.test_reference_conic_correctness" name="test_conic_suite_case[13]" time="0.950" /><testcase classname="tests.reference.test_reference_conic_correctness" name="test_conic_suite_case[14]" time="1.078" /><testcase classname="tests.reference.test_reference_conic_correctness" name="test_conic_suite_case[15]" time="1.088" /><testcase classname="tests.reference.test_reference_conic_correctness" name="test_conic_suite_case[16]" time="1.350" /><testcase classname="tests.reference.test_reference_conic_correctness" name="test_conic_suite_case[17]" time="1.132" /><testcase classname="tests.reference.test_reference_conic_correctness" name="test_lp_moreau_matches_reference_seed0_n5_dense" time="1.109" /><testcase classname="tests.reference.test_reference_conic_correctness" name="test_conic_suite_smoke_profile_is_non_empty" time="0.945" /><testcase classname="tests.smoke.test_solver_smoke_cli_contract" name="test_solver_smoke_cli_stdout_is_json_object" time="17.371" /><testcase classname="tests.smoke.test_solver_smoke_cli_contract" name="test_solver_smoke_cli_native_arm_or_structured_error" time="17.760" /><testcase classname="tests.specs.test_cross_backend_properties" name="test_optional_native_cvxpy_solve_parity_smoke" time="0.038" /><testcase classname="tests.test_cvxpy_moreau_projector" name="test_cvxpy_moreau_projects_onto_simplex_with_mask" time="0.019" /><testcase classname="tests.test_shield_solver_integration" name="test_shield_with_real_cvxpy_moreau_backend" time="0.015" /><testcase classname="tests.vendor.diff.test_differentiation_check" name="test_native_fd_slope_when_moreau_available" time="2.183" /><testcase classname="tests.vendor.diff.test_differentiation_check" name="test_reference_fd_slope_when_moreau_available" time="1.927" /><testcase classname="tests.vendor.diff.test_inter_sim_shield_projection_fd" name="test_inter_sim_shield_first_output_component_fd_bounded" time="0.006" /><testcase classname="tests.vendor.diff.test_moreau_torch_grad_optional" name="test_optional_moreau_torch_submodule" time="0.001" /><testcase classname="tests.vendor.native.test_native_layout_smoke" name="test_native_marker_subtree_smoke" time="0.001" /><testcase classname="tests.vendor.native.test_native_moreau_projector" name="test_native_matches_reference_within_tolerance" time="0.021" /><testcase classname="tests.vendor.native.test_native_moreau_projector" name="test_native_compiled_and_legacy_match_reference" time="0.028" /><testcase classname="tests.vendor.native.test_native_moreau_projector" name="test_batched_compiled_matches_sequential_native" time="0.013" /><testcase classname="tests.vendor.native.test_native_moreau_projector" name="test_reference_native_projection_telemetry_key_parity" time="0.025" /><testcase classname="tests.vendor.native.test_native_moreau_projector" name="test_native_warm_start_second_call" time="0.005" /><testcase classname="tests.vendor.native.test_shield_native_softmax_batch" name="test_project_softmax_batch_first_row_matches_sequential" time="0.008" /></testsuite></testsuites>